app/build/outputs/mapping/release/seeds.txt
com.thenile.vault.ui.AdminActivity
com.thenile.vault.ui.PromptActivity
com.thenile.vault.services.NileTileService
com.thenile.vault.state.DummyDir
com.thenile.vault.services.NileAccessibilityService
com.thenile.vault.root.StorageMountManager
com.thenile.vault.backup.BackupManager
com.thenile.vault.receivers.SecretCodeReceiver
com.thenile.vault.Config
com.thenile.vault.xposed.PackageManagerHook
com.thenile.vault.state.Profile
com.thenile.vault.xposed.PackageManagerHook$Companion
com.thenile.vault.Config: java.util.Set KNOWN_CODES
com.thenile.vault.xposed.PackageManagerHook: long lastCheck
com.thenile.vault.state.Profile: java.lang.String id
com.thenile.vault.xposed.PackageManagerHook: java.lang.String cachedSelf
com.thenile.vault.xposed.PackageManagerHook: java.util.Set CALCULATOR_PACKAGES
com.thenile.vault.state.Profile: java.lang.String decoyPin
com.thenile.vault.Config: int $stable
com.thenile.vault.state.DummyDir: java.lang.String target
com.thenile.vault.Config: java.lang.String CODE_DURESS
com.thenile.vault.xposed.PackageManagerHook: com.thenile.vault.xposed.PackageManagerHook$Companion Companion
com.thenile.vault.Config: java.lang.String SELF_PACKAGE
com.thenile.vault.xposed.PackageManagerHook: java.util.WeakHashMap lastCalculatorMatch
com.thenile.vault.Config: java.util.List TARGET_PACKAGES
com.thenile.vault.state.Profile: boolean isActive
com.thenile.vault.Config: java.lang.String STATE_PROP
com.thenile.vault.state.Profile: java.lang.String name
com.thenile.vault.state.DummyDir: boolean encrypt
com.thenile.vault.state.DummyDir: int $stable
com.thenile.vault.state.DummyDir: java.lang.String dummy
com.thenile.vault.state.Profile: int $stable
com.thenile.vault.Config: java.lang.String CODE_LOCK
com.thenile.vault.xposed.PackageManagerHook: java.util.Set cachedHidden
com.thenile.vault.state.Profile: java.util.List directories
com.thenile.vault.xposed.PackageManagerHook: java.lang.String BOGUS_CREDENTIAL
com.thenile.vault.Config: java.lang.String CODE_DECOY
com.thenile.vault.xposed.PackageManagerHook: java.util.Set pmMethods
com.thenile.vault.state.Profile: java.util.List packages
com.thenile.vault.Config: java.util.List HIDDEN_PACKAGES
com.thenile.vault.Config: com.thenile.vault.Config INSTANCE
com.thenile.vault.xposed.PackageManagerHook: int $stable
com.thenile.vault.state.Profile: boolean hideOnDecoy
com.thenile.vault.state.Profile: java.util.List dummyDirectories
com.thenile.vault.Config: java.lang.String CODE_UNLOCK
com.thenile.vault.state.DummyDir: java.lang.String getTarget()
com.thenile.vault.xposed.PackageManagerHook: java.lang.Object hookLockCredential$lambda$1(com.thenile.vault.xposed.PackageManagerHook,java.lang.ClassLoader,io.github.libxposed.api.XposedInterface$Chain)
com.thenile.vault.state.Profile: java.lang.String component1()
com.thenile.vault.services.NileTileService: NileTileService()
com.thenile.vault.state.Profile: boolean equals(java.lang.Object)
com.thenile.vault.state.Profile: java.lang.String getId()
com.thenile.vault.xposed.PackageManagerHook: java.lang.Object hookCalculatorTrigger$lambda$1(com.thenile.vault.xposed.PackageManagerHook,io.github.libxposed.api.XposedInterface$Chain)
com.thenile.vault.state.DummyDir: java.lang.String component2()
com.thenile.vault.xposed.PackageManagerHook: void triggerDecoyHide(java.lang.String,boolean)
com.thenile.vault.state.Profile: java.util.List component5()
com.thenile.vault.xposed.PackageManagerHook: java.lang.String requestedPkg(java.lang.Object)
com.thenile.vault.state.Profile: java.lang.String getDecoyPin()
com.thenile.vault.state.Profile: boolean component7()
com.thenile.vault.xposed.PackageManagerHook: java.util.Set getHidden()
com.thenile.vault.xposed.PackageManagerHook: java.util.Set getHiddenDirect()
com.thenile.vault.xposed.PackageManagerHook: void launchAdminFromCalculator()
com.thenile.vault.xposed.PackageManagerHook: void hookDirectQueries(java.lang.Class,boolean)
...
androidx.core.view.WindowInsetsCompat$Impl20: androidx.core.graphics.Insets getVisibleInsets(android.view.View)
androidx.compose.ui.unit.ConstraintsKt: java.lang.Void throwInvalidConstraintsSizeException(int)
androidx.appcompat.widget.Toolbar: void setLogo(android.graphics.drawable.Drawable)
androidx.appcompat.widget.Toolbar: void setOnMenuItemClickListener(androidx.appcompat.widget.Toolbar$OnMenuItemClickListener)
androidx.core.view.WindowInsetsCompat$Impl20: void initTypeBoundingRectsMaps()
androidx.appcompat.view.menu.ListMenuItemView: android.view.LayoutInflater getInflater()
android.support.v4.graphics.drawable.IconCompatParcelizer: void write(androidx.core.graphics.drawable.IconCompat,androidx.versionedparcelable.VersionedParcel)
androidx.appcompat.widget.Toolbar: androidx.appcompat.widget.ActionMenuPresenter getOuterActionMenuPresenter()
androidx.biometric.CryptoObjectUtils$Api33Impl: android.hardware.biometrics.BiometricPrompt$CryptoObject create(android.security.identity.PresentationSession)
androidx.compose.ui.platform.AndroidComposeView: androidx.compose.ui.input.pointer.PointerIconService getPointerIconService()
androidx.compose.foundation.text.TextContextMenuItems: androidx.compose.foundation.text.TextContextMenuItems valueOf(java.lang.String)
androidx.biometric.CryptoObjectUtils$Api28Impl: android.hardware.biometrics.BiometricPrompt$CryptoObject create(javax.crypto.Mac)
androidx.compose.ui.platform.AndroidComposeView: androidx.compose.ui.autofill.AutofillTree getAutofillTree()
androidx.lifecycle.ProcessLifecycleOwner$attach$1: void onActivityPreCreated(android.app.Activity,android.os.Bundle)
com.topjohnwu.superuser.Shell: void getShell(java.util.concurrent.Executor,com.topjohnwu.superuser.Shell$GetShellCallback)
androidx.compose.ui.window.SecureFlagPolicy: androidx.compose.ui.window.SecureFlagPolicy[] values()
androidx.compose.ui.window.PopupLayout: androidx.compose.ui.unit.IntSize getPopupContentSize-bOM6tXw()
androidx.biometric.BiometricFragment$Api29Impl: void setDeviceCredentialAllowed(android.hardware.biometrics.BiometricPrompt$Builder,boolean)
androidx.appcompat.widget.AppCompatTextView: android.content.res.ColorStateList getSupportCompoundDrawablesTintList()
com.topjohnwu.superuser.internal.BuilderImpl: com.topjohnwu.superuser.internal.ShellImpl build()
androidx.appcompat.widget.LinearLayoutCompat: void setVerticalGravity(int)
androidx.lifecycle.EmptyActivityLifecycleCallbacks: void onActivityResumed(android.app.Activity)
com.topjohnwu.superuser.internal.BuilderImpl: com.topjohnwu.superuser.Shell$Builder setFlags(int)
com.topjohnwu.superuser.internal.PendingJob: com.topjohnwu.superuser.Shell$Result exec()
androidx.appcompat.widget.AppCompatEditText: void setBackgroundResource(int)
androidx.compose.runtime.InvalidationResult: androidx.compose.runtime.InvalidationResult valueOf(java.lang.String)
androidx.core.view.WindowInsetsCompat$Impl20: boolean isRound()
androidx.appcompat.widget.AppCompatImageButton: void setBackgroundDrawable(android.graphics.drawable.Drawable)
androidx.window.area.reflectionguard.WindowAreaComponentApi3Requirements: void endRearDisplaySession()
androidx.window.area.reflectionguard.WindowAreaComponentApi3Requirements: void removeRearDisplayStatusListener(androidx.window.extensions.core.util.function.Consumer)
com.topjohnwu.superuser.internal.ShellImpl: java.lang.Integer shellCheck()
androidx.core.widget.EdgeEffectCompat$Api31Impl: android.widget.EdgeEffect create(android.content.Context,android.util.AttributeSet)
androidx.appcompat.view.menu.ActionMenuItemView: void setPopupCallback(androidx.appcompat.view.menu.ActionMenuItemView$PopupCallback)
androidx.appcompat.widget.MenuPopupWindow$MenuDropDownListView: void setSelector(android.graphics.drawable.Drawable)